[20:00:27] [ServerMain/INFO]: Environment: authHost='https://authserver.mojang.com', accountsHost='https://api.mojang.com', sessionHost='https://sessionserver.mojang.com', servicesHost='https://api.minecraftservices.com', name='PROD'
[20:00:29] [ServerMain/INFO]: Loaded 7 recipes
[20:00:29] [ServerMain/INFO]: Loaded 1179 advancements
[20:00:30] [Server thread/INFO]: Starting minecraft server version 1.19.4
[20:00:30] [Server thread/INFO]: Loading properties
[20:00:30] [Server thread/INFO]: Default game type: SURVIVAL
[20:00:30] [Server thread/INFO]: Generating keypair
[20:00:30] [Server thread/INFO]: Starting Minecraft server on *:25565
[20:00:30] [Server thread/INFO]: Using default channel type
[20:00:30] [Server thread/INFO]: Preparing level "world"
[20:00:32] [Server thread/INFO]: Preparing start region for dimension minecraft:overworld
[20:00:37] [Worker-Main-5/INFO]: Preparing spawn area: 0%
[20:00:37] [Worker-Main-5/INFO]: Preparing spawn area: 0%
[20:00:37] [Worker-Main-5/INFO]: Preparing spawn area: 0%
[20:00:37] [Worker-Main-1/INFO]: Preparing spawn area: 0%
[20:00:37] [Worker-Main-7/INFO]: Preparing spawn area: 0%
[20:00:37] [Worker-Main-3/INFO]: Preparing spawn area: 0%
[20:00:37] [Worker-Main-4/INFO]: Preparing spawn area: 0%
[20:00:37] [Worker-Main-1/INFO]: Preparing spawn area: 0%
[20:00:37] [Worker-Main-6/INFO]: Preparing spawn area: 0%
[20:00:37] [Worker-Main-5/INFO]: Preparing spawn area: 0%
[20:00:37] [Worker-Main-2/INFO]: Preparing spawn area: 8%
[20:00:38] [Worker-Main-5/INFO]: Preparing spawn area: 78%
[20:00:38] [Server thread/INFO]: Time elapsed: 5668 ms
[20:00:38] [Server thread/INFO]: Done (7.881s)! For help, type "help"
